
<!DOCTYPE html>
<html lang="en">

<head>
  <meta charset="UTF-8" />
  <meta name="viewport" content="width=device-width, initial-scale=1.0" />
  <title>Test Report</title>
  <style>
  html,
    body {
      margin: 0px;
      font-family: monospace;
      height: 100%;
      overflow: hidden;
    }

    .row {
      display: flex;
      flex-direction: row;
      flex-wrap: wrap;
      width: 100%;
    }

    .column {
      display: flex;
      flex-direction: column;
      flex-basis: 100%;
      flex: 1;
    }

    header {
      background-color: #f5c10e;
      font-size: larger;
      padding: 10px 0px;
      justify-content: space-between;
      width: 100%;
    }

    .search-box {
      position: relative;
      background-color: #333333;
      width: 75%;
      margin: 0 auto;
      color: white;
      font-size: large;
      font-weight: bold;
      border-radius: 5px;
      height: 25px;
      margin-top: 10px;
      padding: 5px;
      padding-top: 10px;
      padding-left: 35px;
      outline-width: 0px;
      outline-color: black;
    }

    [contenteditable=true]:empty:before {
      content: attr(placeholder);
      color: white;
      outline-width: 0px;
      outline-color: black;
      /* For Firefox */
    }

    .search-box:hover {
      background-color: black;
      cursor: pointer;
    }

    [contenteditable=true]:focus {
      outline: none;
    }

    .search-box::before {
      content: "";
      position: absolute;
      top: 0;
      left: 5px;
      bottom: 3px;
      width: 20px;
      background: url("data:image/svg+xml,%3Csvg xmlns='http://www.w3.org/2000/svg' width='20' height='20' viewBox='0 0 20 20' fill-rule='evenodd' stroke='white' stroke-linecap='round' stroke-linejoin='round' fill='none' %3E%3Cpath d='M14.386 14.386l4.0877 4.0877-4.0877-4.0877c-2.9418 2.9419-7.7115 2.9419-10.6533 0-2.9419-2.9418-2.9419-7.7115 0-10.6533 2.9418-2.9419 7.7115-2.9419 10.6533 0 2.9419 2.9418 2.9419 7.7115 0 10.6533z'%3E%3C/path%3E%3C/svg%3E") center / contain no-repeat;
    }

    .container {
      margin: 0 auto;
      background: #fff;
      display: flex;
      height: 100%;
    }

    .sidebar {
      background-color: #333333;
      color: lightgray;
      min-width: 20%;
      max-width: 25%;
      width: 20%;
      overflow-y: auto;
      overflow-x: auto;
    }

    .search {
      display: flex;
      flex-direction: column;
    }

    .search-title {
      text-align: left;
      font-size: large;
      padding: 10px;
      margin-left: 20px;
    }

    .search-input {
      width: 90%;
      height: 30px;
      border-radius: 5px;
      margin: 0 auto;
    }

    .search-results ul {
      list-style-type: none;
    }

    .search-list {
      font-size: large;
      padding-left: 0px;
    }

    .search-list li {
      padding: 10px 20px 10px 13px;
    }

    .test-selected {
      background-color: rgb(37, 37, 37);
      border-left: 4px solid #0085C9;
    }

    .search-list li:hover {
      background-color: black;
      cursor: pointer;
    }

    .suite {
      font-size: small;
    }

    .test-chart {
      display: flex;
      flex-direction: row;
      width: 100%;
      align-items: center;
    }

    .test-chart-pie {
      width: 30%;
    }

    .test-chart-table {
      width: 30%;
    }

    .test-chart-metadata {
      width: 30%;
      height: 100%;
      display: flex;
      flex-direction: column;
    }

    .test-chart-metadata ul {
      height: 100%;
      display: flex;
      flex-direction: column;
      justify-content: space-between;
    }

    .test-chart-metadata li {
      display: flex;
      border-bottom: lightgray solid 1px;
    }

    .test-chart-metadata label {
      text-align: left;
      width: 50%;
      font-weight: bold;
    }

    .test-report {
      display: flex;
      align-items: center;
      flex-direction: column;
      text-align: center;
      width: 75%;
    }

    .title {
      font-size: 1.25rem;
      text-align: left;
      text-transform: uppercase;
      width: 12.5rem;
      height: 4rem;
    }

    .result,
    .total {
      font-size: 1.5rem;
      text-align: center;
      text-transform: uppercase;
      width: 5rem;
    }

    .test-status {
      width: 5rem;
      text-align: center;
      height: 2rem;
    }

    .test-status .failed {
      border-bottom: 2px solid #E73E48;
    }

    .test-status .passed {
      border-bottom: 2px solid #27CAA9;
    }

    .test-status .skipped {
      border-bottom: 2px solid gray;
    }

    .result.failed {
      color: #E73E48;
    }

    .result.passed {
      color: #27CAA9;
    }

    .result.skipped {
      color: gray;
    }

    .total-groups {
      background-color: lightgray;
    }

    tbody {
      border: 1px solid lightgray;
    }

    .total-time {
      text-transform: uppercase;
      font-weight: bold;
      font-size: 1.25rem;
      margin-top: 10px;
      display: flex;
      justify-content: space-between;
      border-bottom: 1px solid lightgrey;
      width: 33.5rem;
    }

    .report {
      margin-top: 10px;
      background-color: white;
      width: 100%;
      max-height: 78.75%;
    }

    .test-title {
      padding: 10px
    }

    .test-data,
    .tags {
      font-size: larger;
      color: lightgray;
      display: flex;
      align-items: center;
    }

    .test-data {
      color: black;
      gap: 10px;
    }

    .test-data> :nth-child(1) {
      color: black;
      font-weight: bolder;
    }

    .tags {
      font-weight: bolder;
      gap: 10px;
    }

    .test-id-hour {
      display: flex;
      align-items: center;
      font-size: medium;
      font-weight: bolder;
      gap: 10px;
    }

    .test-id {
      text-align: left;
      display: flex;
      align-items: center;
    }

    .circle {
      width: 45px;
      height: 40px;
      border-radius: 50%;
      display: block;
      margin-right: 10px;
    }

    .green {
      background: #27CAA9;
    }

    .red {
      background: red;
    }

    .details {
      margin: 5px 10px;
      -webkit-flex-grow: 1;
      -moz-flex-grow: 1;
      flex-grow: 1;
      background-color: #ffffff;
      overflow-y: auto;
    }

    .details .content {
      padding: 0.5rem;
      background: #fff;
      font-size: 0.9rem;
    }

    .details .content:after {
      content: "";
      display: table;
      clear: both;
    }

    .details table {
      border-collapse: collapse;
      border: 1px solid #cccccc;
      border-bottom: 0;
      border-right: 0;
      width: 80%
    }

    .details table td,
    .details table th {
      border-bottom: 1px solid #cccccc;
      border-right: 1px solid #cccccc;
      padding: 10px;
    }

    .details table th {
      background: #cccccc;
    }

    .details .data-table {
      border-collapse: collapse;
      border: 1px solid #cccccc;
      border-bottom: 0;
      border-right: 0;
      margin-bottom: 10px;
      width: 100%;
    }

    .details .data-table td {
      color: #000000;
      border-bottom: none;
      border-right: none;
      padding: 0.5rem 1rem;
      cursor: pointer;
      opacity: 0.75;
    }

    .data-table tr.passed td {
      background-color: #27CAA9;
    }

    .data-table tr.failed td {
      background-color: #E73E48;
      color: #ffffff;
    }

    .data-table tr.skipped td {
      background-color: #999999;
      color: #000000;
    }

    .data-table tr.selected td {
      opacity: 1;
    }

    .data-table tr.selected td:first-child {
      border-left: 4px solid #0085C9;
    }

    .data-table tr:hover td {
      opacity: 0.9;
    }

    .table-real-results {
      margin-top: 10px;
    }

    .error-message {
      background-color: black;
      max-width: 50%;
      display: block;
      overflow: auto;
      overflow-wrap: break-word;
      text-align: left;
    }

    pre.bash {
      background-color: black;
      color: white;
      font-size: medium;
      font-family: monospace;
      display: inline;
    }


    .hidden {
      display: none !important;
    }

    .search-list .item {
      display: flex;
      justify-content: space-between;
      align-items: center;
    }

    .check {
      display: inline-block;
      transform: rotate(45deg);
      height: 11px;
      width: 5px;
      border-bottom: 2.5px solid #27CAA9;
      border-right: 2.5px solid #27CAA9;
    }

    .failing::after {
      font-size: large;
      font-weight: bolder;
      content: 'X';
      color: #E73E48;
    }

  </style>
</head>

<body>
  <main class="container">
  <sidebar class="sidebar">
    <div class="search">
      <div class="search-box">
        <div contenteditable="true" id="search" placeholder="Search Tests"></div>
      </div>
    </div>
    <div class="search-results">
      <ul class="search-list">
      </ul>
    </div>

  </sidebar>

  <div class="test-report">
    <div class="test-chart">
      <div class="test-chart-pie">
        <canvas width="150" height="120"></canvas>
      </div>
      <div class="test-chart-table">
        <table>
          <thead>
            <tr class="test-status">
              <th />
              <th />
              <th class="failed">Failed</th>
              <th class="passed">Passed</th>
              <th class="skipped">Skipped</th>
            </tr>
          </thead>
          <tbody>
            <tr class="total-groups">
              <th class="title">Total Groups</th>
              <td class="total">12</td>
              <td class="result failed">12</td>
              <td class="result passed">0</td>
              <td class="result skipped">-/-</td>
            </tr>
            <tr class="total-tests">
              <th class="title">Total Tests</th>
              <td class="total">156</td>
              <td class="result failed">36</td>
              <td class="result passed">108</td>
              <td class="result skipped">12</td>
              </tr>
              </tbody>
            </table>
          </div>
          <div class="test-chart-metadata">
            <ul>
              <li>
                <label>Project:</label>
                <span>-/-</span>
              </li>
              <li>
                <label>Success Rate:</label>
                <span>69.23%</span>
              </li>
              <li>
                <label>Total Time:</label>
                <span>00:00:00.000</span>
              </li>
              <li>
                <label>Timestamp:</label>
                <span>2022-04-11 - 02:12</span>
              </li>
            </ul>

          </div>
        </div>
        <div class="report">
          <div class="test-title">
            <div class="test-data">
              <span></span>
              <span></span>
            </div>
          </div>
          <div class="details">
            <div class="test-table">
              <table class="data-table">
                <thead>
                  <tr>
                    <th></th>
                  </tr>
                </thead>
                <tbody>
                  <tr>
                    <td></td>
                  </tr>
                </tbody>
              </table>
            </div>

            <div class="test-id-hour">
              <div class="test-id">
                <span class="circle green"></span>
                <span class="test-selected-title"></span>
              </div>
              <span>-</span>
              <span class="test-selected-time"></span>
            </div>
            <div class="table-real-results">
              <table class="data-table">
                <thead>
                  <tr>
                    <th></th>
                  </tr>
                </thead>
                <tbody>
                  <tr>
                    <td></td>
                  </tr>
                </tbody>
              </table>
            </div>
            <div class="exception">
              <span class="error-message">
                <pre class="bash">
                </pre>
              </span>
            </div>
          </div>
        </div>
      </div>
    </main>
  <script>
    const state = [{"title":"main group","time":"00:00:00.000","passed":false,"suite":"unit","headers":["#","Scenario"],"values":[{"realValues":[],"tableValues":[1,"create an instance of test"],"tags":[],"title":"create an instance of test","time":"00:00:00.000"},{"realValues":[],"tableValues":[2,"define timeout for the test"],"tags":[],"title":"define timeout for the test","time":"00:00:00.000"},{"realValues":[],"tableValues":[3,"disable timeout for the test"],"tags":[],"title":"disable timeout for the test","time":"00:00:00.000"},{"realValues":[],"tableValues":[4,"ping 3rd party service"],"tags":[],"title":"ping 3rd party service","time":"00:00:00.000","error":true,"errorMessage":"Actual: undefined\nExpected: undefined\n\nError: Unable to reach server\n    at Object.<anonymous> (/home/gunter/desenvolvimento/workspace-vscode/table-driven-html-reporter/node_modules/@japa/synthetic-events/build/src/Events/tests.js:135:42)\n    at Module._compile (node:internal/modules/cjs/loader:1109:14)\n    at Object.Module._extensions..js (node:internal/modules/cjs/loader:1138:10)\n    at Module.load (node:internal/modules/cjs/loader:989:32)\n    at Function.Module._load (node:internal/modules/cjs/loader:829:14)\n    at Module.require (node:internal/modules/cjs/loader:1013:19)\n    at require (node:internal/modules/cjs/helpers:93:18)\n    at Object.<anonymous> (/home/gunter/desenvolvimento/workspace-vscode/table-driven-html-reporter/node_modules/@japa/synthetic-events/build/index.js:15:33)\n    at Module._compile (node:internal/modules/cjs/loader:1109:14)\n    at Object.Module._extensions..js (node:internal/modules/cjs/loader:1138:10)"},{"realValues":[],"tableValues":[5,"mark test to be skipped"],"tags":[],"title":"mark test to be skipped","time":"00:00:00.000"},{"realValues":[],"tableValues":[6,"mark test as todo"],"tags":[],"title":"mark test as todo","time":"00:00:00.000"},{"realValues":[],"tableValues":[7,"define tags"],"tags":["@slow","@regression"],"title":"define tags","time":"00:00:00.000"},{"realValues":[],"tableValues":[8,"define dataset for the test \"virk\""],"tags":[],"title":"define dataset for the test \"virk\"","time":"00:00:00.000"},{"realValues":[],"tableValues":[9,"define dataset for the test \"nikk\""],"tags":[],"title":"define dataset for the test \"nikk\"","time":"00:00:00.000"},{"realValues":[],"tableValues":[10,"define dataset for the test \"romain\""],"tags":[],"title":"define dataset for the test \"romain\"","time":"00:00:00.000"},{"realValues":[],"tableValues":[11,"multiple calls to exec should result in a noop"],"tags":[],"title":"multiple calls to exec should result in a noop","time":"00:00:00.000","error":true,"errorMessage":"Actual: undefined\nExpected: undefined\n\nError: Setup phase failed\n    at Object.<anonymous> (/home/gunter/desenvolvimento/workspace-vscode/table-driven-html-reporter/node_modules/@japa/synthetic-events/build/src/Events/tests.js:373:24)\n    at Module._compile (node:internal/modules/cjs/loader:1109:14)\n    at Object.Module._extensions..js (node:internal/modules/cjs/loader:1138:10)\n    at Module.load (node:internal/modules/cjs/loader:989:32)\n    at Function.Module._load (node:internal/modules/cjs/loader:829:14)\n    at Module.require (node:internal/modules/cjs/loader:1013:19)\n    at require (node:internal/modules/cjs/helpers:93:18)\n    at Object.<anonymous> (/home/gunter/desenvolvimento/workspace-vscode/table-driven-html-reporter/node_modules/@japa/synthetic-events/build/index.js:15:33)\n    at Module._compile (node:internal/modules/cjs/loader:1109:14)\n    at Object.Module._extensions..js (node:internal/modules/cjs/loader:1138:10)"},{"realValues":[],"tableValues":[12,"fail test when executor raises an exception"],"tags":[],"title":"fail test when executor raises an exception","time":"00:00:00.000","error":true,"errorMessage":"Actual: [object Object]\nExpected: [object Object]\n\nAssertionError: expected { id: 1 } to deeply equal { id: 2 }\n    at Assert.deepEqual (/home/gunter/desenvolvimento/workspace-vscode/table-driven-html-reporter/node_modules/@japa/assert/build/src/Assert/index.js:256:30)\n    at Object.<anonymous> (/home/gunter/desenvolvimento/workspace-vscode/table-driven-html-reporter/node_modules/@japa/synthetic-events/build/src/Events/tests.js:14:27)\n    at Module._compile (node:internal/modules/cjs/loader:1109:14)\n    at Object.Module._extensions..js (node:internal/modules/cjs/loader:1138:10)\n    at Module.load (node:internal/modules/cjs/loader:989:32)\n    at Function.Module._load (node:internal/modules/cjs/loader:829:14)\n    at Module.require (node:internal/modules/cjs/loader:1013:19)\n    at require (node:internal/modules/cjs/helpers:93:18)\n    at Object.<anonymous> (/home/gunter/desenvolvimento/workspace-vscode/table-driven-html-reporter/node_modules/@japa/synthetic-events/build/index.js:15:33)\n    at Module._compile (node:internal/modules/cjs/loader:1109:14)"},{"realValues":[],"tableValues":[13,"regression test passing"],"tags":[],"title":"regression test passing","time":"00:00:00.000"}]},{"title":"user group","time":"00:00:00.001","passed":false,"suite":"unit","headers":["#","Scenario"],"values":[{"realValues":[],"tableValues":[14,"create an instance of test"],"tags":[],"title":"create an instance of test","time":"00:00:00.000"},{"realValues":[],"tableValues":[15,"define timeout for the test"],"tags":[],"title":"define timeout for the test","time":"00:00:00.000"},{"realValues":[],"tableValues":[16,"disable timeout for the test"],"tags":[],"title":"disable timeout for the test","time":"00:00:00.001"},{"realValues":[],"tableValues":[17,"ping 3rd party service"],"tags":[],"title":"ping 3rd party service","time":"00:00:00.000","error":true,"errorMessage":"Actual: undefined\nExpected: undefined\n\nError: Unable to reach server\n    at Object.<anonymous> (/home/gunter/desenvolvimento/workspace-vscode/table-driven-html-reporter/node_modules/@japa/synthetic-events/build/src/Events/tests.js:135:42)\n    at Module._compile (node:internal/modules/cjs/loader:1109:14)\n    at Object.Module._extensions..js (node:internal/modules/cjs/loader:1138:10)\n    at Module.load (node:internal/modules/cjs/loader:989:32)\n    at Function.Module._load (node:internal/modules/cjs/loader:829:14)\n    at Module.require (node:internal/modules/cjs/loader:1013:19)\n    at require (node:internal/modules/cjs/helpers:93:18)\n    at Object.<anonymous> (/home/gunter/desenvolvimento/workspace-vscode/table-driven-html-reporter/node_modules/@japa/synthetic-events/build/index.js:15:33)\n    at Module._compile (node:internal/modules/cjs/loader:1109:14)\n    at Object.Module._extensions..js (node:internal/modules/cjs/loader:1138:10)"},{"realValues":[],"tableValues":[18,"mark test to be skipped"],"tags":[],"title":"mark test to be skipped","time":"00:00:00.000"},{"realValues":[],"tableValues":[19,"mark test as todo"],"tags":[],"title":"mark test as todo","time":"00:00:00.000"},{"realValues":[],"tableValues":[20,"define tags"],"tags":["@slow","@regression"],"title":"define tags","time":"00:00:00.000"},{"realValues":[],"tableValues":[21,"define dataset for the test \"virk\""],"tags":[],"title":"define dataset for the test \"virk\"","time":"00:00:00.000"},{"realValues":[],"tableValues":[22,"define dataset for the test \"nikk\""],"tags":[],"title":"define dataset for the test \"nikk\"","time":"00:00:00.000"},{"realValues":[],"tableValues":[23,"define dataset for the test \"romain\""],"tags":[],"title":"define dataset for the test \"romain\"","time":"00:00:00.000"},{"realValues":[],"tableValues":[24,"multiple calls to exec should result in a noop"],"tags":[],"title":"multiple calls to exec should result in a noop","time":"00:00:00.000","error":true,"errorMessage":"Actual: undefined\nExpected: undefined\n\nError: Setup phase failed\n    at Object.<anonymous> (/home/gunter/desenvolvimento/workspace-vscode/table-driven-html-reporter/node_modules/@japa/synthetic-events/build/src/Events/tests.js:373:24)\n    at Module._compile (node:internal/modules/cjs/loader:1109:14)\n    at Object.Module._extensions..js (node:internal/modules/cjs/loader:1138:10)\n    at Module.load (node:internal/modules/cjs/loader:989:32)\n    at Function.Module._load (node:internal/modules/cjs/loader:829:14)\n    at Module.require (node:internal/modules/cjs/loader:1013:19)\n    at require (node:internal/modules/cjs/helpers:93:18)\n    at Object.<anonymous> (/home/gunter/desenvolvimento/workspace-vscode/table-driven-html-reporter/node_modules/@japa/synthetic-events/build/index.js:15:33)\n    at Module._compile (node:internal/modules/cjs/loader:1109:14)\n    at Object.Module._extensions..js (node:internal/modules/cjs/loader:1138:10)"},{"realValues":[],"tableValues":[25,"fail test when executor raises an exception"],"tags":[],"title":"fail test when executor raises an exception","time":"00:00:00.000","error":true,"errorMessage":"Actual: [object Object]\nExpected: [object Object]\n\nAssertionError: expected { id: 1 } to deeply equal { id: 2 }\n    at Assert.deepEqual (/home/gunter/desenvolvimento/workspace-vscode/table-driven-html-reporter/node_modules/@japa/assert/build/src/Assert/index.js:256:30)\n    at Object.<anonymous> (/home/gunter/desenvolvimento/workspace-vscode/table-driven-html-reporter/node_modules/@japa/synthetic-events/build/src/Events/tests.js:14:27)\n    at Module._compile (node:internal/modules/cjs/loader:1109:14)\n    at Object.Module._extensions..js (node:internal/modules/cjs/loader:1138:10)\n    at Module.load (node:internal/modules/cjs/loader:989:32)\n    at Function.Module._load (node:internal/modules/cjs/loader:829:14)\n    at Module.require (node:internal/modules/cjs/loader:1013:19)\n    at require (node:internal/modules/cjs/helpers:93:18)\n    at Object.<anonymous> (/home/gunter/desenvolvimento/workspace-vscode/table-driven-html-reporter/node_modules/@japa/synthetic-events/build/index.js:15:33)\n    at Module._compile (node:internal/modules/cjs/loader:1109:14)"},{"realValues":[],"tableValues":[26,"regression test passing"],"tags":[],"title":"regression test passing","time":"00:00:00.000"}]},{"title":"manager group","time":"00:00:00.000","passed":false,"suite":"unit","headers":["#","Scenario"],"values":[{"realValues":[],"tableValues":[27,"create an instance of test"],"tags":[],"title":"create an instance of test","time":"00:00:00.000"},{"realValues":[],"tableValues":[28,"define timeout for the test"],"tags":[],"title":"define timeout for the test","time":"00:00:00.000"},{"realValues":[],"tableValues":[29,"disable timeout for the test"],"tags":[],"title":"disable timeout for the test","time":"00:00:00.000"},{"realValues":[],"tableValues":[30,"ping 3rd party service"],"tags":[],"title":"ping 3rd party service","time":"00:00:00.000","error":true,"errorMessage":"Actual: undefined\nExpected: undefined\n\nError: Unable to reach server\n    at Object.<anonymous> (/home/gunter/desenvolvimento/workspace-vscode/table-driven-html-reporter/node_modules/@japa/synthetic-events/build/src/Events/tests.js:135:42)\n    at Module._compile (node:internal/modules/cjs/loader:1109:14)\n    at Object.Module._extensions..js (node:internal/modules/cjs/loader:1138:10)\n    at Module.load (node:internal/modules/cjs/loader:989:32)\n    at Function.Module._load (node:internal/modules/cjs/loader:829:14)\n    at Module.require (node:internal/modules/cjs/loader:1013:19)\n    at require (node:internal/modules/cjs/helpers:93:18)\n    at Object.<anonymous> (/home/gunter/desenvolvimento/workspace-vscode/table-driven-html-reporter/node_modules/@japa/synthetic-events/build/index.js:15:33)\n    at Module._compile (node:internal/modules/cjs/loader:1109:14)\n    at Object.Module._extensions..js (node:internal/modules/cjs/loader:1138:10)"},{"realValues":[],"tableValues":[31,"mark test to be skipped"],"tags":[],"title":"mark test to be skipped","time":"00:00:00.000"},{"realValues":[],"tableValues":[32,"mark test as todo"],"tags":[],"title":"mark test as todo","time":"00:00:00.000"},{"realValues":[],"tableValues":[33,"define tags"],"tags":["@slow","@regression"],"title":"define tags","time":"00:00:00.000"},{"realValues":[],"tableValues":[34,"define dataset for the test \"virk\""],"tags":[],"title":"define dataset for the test \"virk\"","time":"00:00:00.000"},{"realValues":[],"tableValues":[35,"define dataset for the test \"nikk\""],"tags":[],"title":"define dataset for the test \"nikk\"","time":"00:00:00.000"},{"realValues":[],"tableValues":[36,"define dataset for the test \"romain\""],"tags":[],"title":"define dataset for the test \"romain\"","time":"00:00:00.000"},{"realValues":[],"tableValues":[37,"multiple calls to exec should result in a noop"],"tags":[],"title":"multiple calls to exec should result in a noop","time":"00:00:00.000","error":true,"errorMessage":"Actual: undefined\nExpected: undefined\n\nError: Setup phase failed\n    at Object.<anonymous> (/home/gunter/desenvolvimento/workspace-vscode/table-driven-html-reporter/node_modules/@japa/synthetic-events/build/src/Events/tests.js:373:24)\n    at Module._compile (node:internal/modules/cjs/loader:1109:14)\n    at Object.Module._extensions..js (node:internal/modules/cjs/loader:1138:10)\n    at Module.load (node:internal/modules/cjs/loader:989:32)\n    at Function.Module._load (node:internal/modules/cjs/loader:829:14)\n    at Module.require (node:internal/modules/cjs/loader:1013:19)\n    at require (node:internal/modules/cjs/helpers:93:18)\n    at Object.<anonymous> (/home/gunter/desenvolvimento/workspace-vscode/table-driven-html-reporter/node_modules/@japa/synthetic-events/build/index.js:15:33)\n    at Module._compile (node:internal/modules/cjs/loader:1109:14)\n    at Object.Module._extensions..js (node:internal/modules/cjs/loader:1138:10)"},{"realValues":[],"tableValues":[38,"fail test when executor raises an exception"],"tags":[],"title":"fail test when executor raises an exception","time":"00:00:00.000","error":true,"errorMessage":"Actual: [object Object]\nExpected: [object Object]\n\nAssertionError: expected { id: 1 } to deeply equal { id: 2 }\n    at Assert.deepEqual (/home/gunter/desenvolvimento/workspace-vscode/table-driven-html-reporter/node_modules/@japa/assert/build/src/Assert/index.js:256:30)\n    at Object.<anonymous> (/home/gunter/desenvolvimento/workspace-vscode/table-driven-html-reporter/node_modules/@japa/synthetic-events/build/src/Events/tests.js:14:27)\n    at Module._compile (node:internal/modules/cjs/loader:1109:14)\n    at Object.Module._extensions..js (node:internal/modules/cjs/loader:1138:10)\n    at Module.load (node:internal/modules/cjs/loader:989:32)\n    at Function.Module._load (node:internal/modules/cjs/loader:829:14)\n    at Module.require (node:internal/modules/cjs/loader:1013:19)\n    at require (node:internal/modules/cjs/helpers:93:18)\n    at Object.<anonymous> (/home/gunter/desenvolvimento/workspace-vscode/table-driven-html-reporter/node_modules/@japa/synthetic-events/build/index.js:15:33)\n    at Module._compile (node:internal/modules/cjs/loader:1109:14)"},{"realValues":[],"tableValues":[39,"regression test passing"],"tags":[],"title":"regression test passing","time":"00:00:00.000"}]},{"title":"failing group","time":"00:00:00.000","passed":false,"suite":"unit","headers":["#","Scenario"],"values":[{"realValues":[],"tableValues":[40,"create an instance of test"],"tags":[],"title":"create an instance of test","time":"00:00:00.000"},{"realValues":[],"tableValues":[41,"define timeout for the test"],"tags":[],"title":"define timeout for the test","time":"00:00:00.000"},{"realValues":[],"tableValues":[42,"disable timeout for the test"],"tags":[],"title":"disable timeout for the test","time":"00:00:00.000"},{"realValues":[],"tableValues":[43,"ping 3rd party service"],"tags":[],"title":"ping 3rd party service","time":"00:00:00.000","error":true,"errorMessage":"Actual: undefined\nExpected: undefined\n\nError: Unable to reach server\n    at Object.<anonymous> (/home/gunter/desenvolvimento/workspace-vscode/table-driven-html-reporter/node_modules/@japa/synthetic-events/build/src/Events/tests.js:135:42)\n    at Module._compile (node:internal/modules/cjs/loader:1109:14)\n    at Object.Module._extensions..js (node:internal/modules/cjs/loader:1138:10)\n    at Module.load (node:internal/modules/cjs/loader:989:32)\n    at Function.Module._load (node:internal/modules/cjs/loader:829:14)\n    at Module.require (node:internal/modules/cjs/loader:1013:19)\n    at require (node:internal/modules/cjs/helpers:93:18)\n    at Object.<anonymous> (/home/gunter/desenvolvimento/workspace-vscode/table-driven-html-reporter/node_modules/@japa/synthetic-events/build/index.js:15:33)\n    at Module._compile (node:internal/modules/cjs/loader:1109:14)\n    at Object.Module._extensions..js (node:internal/modules/cjs/loader:1138:10)"},{"realValues":[],"tableValues":[44,"mark test to be skipped"],"tags":[],"title":"mark test to be skipped","time":"00:00:00.000"},{"realValues":[],"tableValues":[45,"mark test as todo"],"tags":[],"title":"mark test as todo","time":"00:00:00.000"},{"realValues":[],"tableValues":[46,"define tags"],"tags":["@slow","@regression"],"title":"define tags","time":"00:00:00.000"},{"realValues":[],"tableValues":[47,"define dataset for the test \"virk\""],"tags":[],"title":"define dataset for the test \"virk\"","time":"00:00:00.000"},{"realValues":[],"tableValues":[48,"define dataset for the test \"nikk\""],"tags":[],"title":"define dataset for the test \"nikk\"","time":"00:00:00.000"},{"realValues":[],"tableValues":[49,"define dataset for the test \"romain\""],"tags":[],"title":"define dataset for the test \"romain\"","time":"00:00:00.000"},{"realValues":[],"tableValues":[50,"multiple calls to exec should result in a noop"],"tags":[],"title":"multiple calls to exec should result in a noop","time":"00:00:00.000","error":true,"errorMessage":"Actual: undefined\nExpected: undefined\n\nError: Setup phase failed\n    at Object.<anonymous> (/home/gunter/desenvolvimento/workspace-vscode/table-driven-html-reporter/node_modules/@japa/synthetic-events/build/src/Events/tests.js:373:24)\n    at Module._compile (node:internal/modules/cjs/loader:1109:14)\n    at Object.Module._extensions..js (node:internal/modules/cjs/loader:1138:10)\n    at Module.load (node:internal/modules/cjs/loader:989:32)\n    at Function.Module._load (node:internal/modules/cjs/loader:829:14)\n    at Module.require (node:internal/modules/cjs/loader:1013:19)\n    at require (node:internal/modules/cjs/helpers:93:18)\n    at Object.<anonymous> (/home/gunter/desenvolvimento/workspace-vscode/table-driven-html-reporter/node_modules/@japa/synthetic-events/build/index.js:15:33)\n    at Module._compile (node:internal/modules/cjs/loader:1109:14)\n    at Object.Module._extensions..js (node:internal/modules/cjs/loader:1138:10)"},{"realValues":[],"tableValues":[51,"fail test when executor raises an exception"],"tags":[],"title":"fail test when executor raises an exception","time":"00:00:00.000","error":true,"errorMessage":"Actual: [object Object]\nExpected: [object Object]\n\nAssertionError: expected { id: 1 } to deeply equal { id: 2 }\n    at Assert.deepEqual (/home/gunter/desenvolvimento/workspace-vscode/table-driven-html-reporter/node_modules/@japa/assert/build/src/Assert/index.js:256:30)\n    at Object.<anonymous> (/home/gunter/desenvolvimento/workspace-vscode/table-driven-html-reporter/node_modules/@japa/synthetic-events/build/src/Events/tests.js:14:27)\n    at Module._compile (node:internal/modules/cjs/loader:1109:14)\n    at Object.Module._extensions..js (node:internal/modules/cjs/loader:1138:10)\n    at Module.load (node:internal/modules/cjs/loader:989:32)\n    at Function.Module._load (node:internal/modules/cjs/loader:829:14)\n    at Module.require (node:internal/modules/cjs/loader:1013:19)\n    at require (node:internal/modules/cjs/helpers:93:18)\n    at Object.<anonymous> (/home/gunter/desenvolvimento/workspace-vscode/table-driven-html-reporter/node_modules/@japa/synthetic-events/build/index.js:15:33)\n    at Module._compile (node:internal/modules/cjs/loader:1109:14)"},{"realValues":[],"tableValues":[52,"regression test passing"],"tags":[],"title":"regression test passing","time":"00:00:00.000"}]},{"title":"main group","time":"00:00:00.000","passed":false,"suite":"integration","headers":["#","Scenario"],"values":[{"realValues":[],"tableValues":[53,"create an instance of test"],"tags":[],"title":"create an instance of test","time":"00:00:00.000"},{"realValues":[],"tableValues":[54,"define timeout for the test"],"tags":[],"title":"define timeout for the test","time":"00:00:00.000"},{"realValues":[],"tableValues":[55,"disable timeout for the test"],"tags":[],"title":"disable timeout for the test","time":"00:00:00.000"},{"realValues":[],"tableValues":[56,"ping 3rd party service"],"tags":[],"title":"ping 3rd party service","time":"00:00:00.000","error":true,"errorMessage":"Actual: undefined\nExpected: undefined\n\nError: Unable to reach server\n    at Object.<anonymous> (/home/gunter/desenvolvimento/workspace-vscode/table-driven-html-reporter/node_modules/@japa/synthetic-events/build/src/Events/tests.js:135:42)\n    at Module._compile (node:internal/modules/cjs/loader:1109:14)\n    at Object.Module._extensions..js (node:internal/modules/cjs/loader:1138:10)\n    at Module.load (node:internal/modules/cjs/loader:989:32)\n    at Function.Module._load (node:internal/modules/cjs/loader:829:14)\n    at Module.require (node:internal/modules/cjs/loader:1013:19)\n    at require (node:internal/modules/cjs/helpers:93:18)\n    at Object.<anonymous> (/home/gunter/desenvolvimento/workspace-vscode/table-driven-html-reporter/node_modules/@japa/synthetic-events/build/index.js:15:33)\n    at Module._compile (node:internal/modules/cjs/loader:1109:14)\n    at Object.Module._extensions..js (node:internal/modules/cjs/loader:1138:10)"},{"realValues":[],"tableValues":[57,"mark test to be skipped"],"tags":[],"title":"mark test to be skipped","time":"00:00:00.000"},{"realValues":[],"tableValues":[58,"mark test as todo"],"tags":[],"title":"mark test as todo","time":"00:00:00.000"},{"realValues":[],"tableValues":[59,"define tags"],"tags":["@slow","@regression"],"title":"define tags","time":"00:00:00.000"},{"realValues":[],"tableValues":[60,"define dataset for the test \"virk\""],"tags":[],"title":"define dataset for the test \"virk\"","time":"00:00:00.000"},{"realValues":[],"tableValues":[61,"define dataset for the test \"nikk\""],"tags":[],"title":"define dataset for the test \"nikk\"","time":"00:00:00.000"},{"realValues":[],"tableValues":[62,"define dataset for the test \"romain\""],"tags":[],"title":"define dataset for the test \"romain\"","time":"00:00:00.000"},{"realValues":[],"tableValues":[63,"multiple calls to exec should result in a noop"],"tags":[],"title":"multiple calls to exec should result in a noop","time":"00:00:00.000","error":true,"errorMessage":"Actual: undefined\nExpected: undefined\n\nError: Setup phase failed\n    at Object.<anonymous> (/home/gunter/desenvolvimento/workspace-vscode/table-driven-html-reporter/node_modules/@japa/synthetic-events/build/src/Events/tests.js:373:24)\n    at Module._compile (node:internal/modules/cjs/loader:1109:14)\n    at Object.Module._extensions..js (node:internal/modules/cjs/loader:1138:10)\n    at Module.load (node:internal/modules/cjs/loader:989:32)\n    at Function.Module._load (node:internal/modules/cjs/loader:829:14)\n    at Module.require (node:internal/modules/cjs/loader:1013:19)\n    at require (node:internal/modules/cjs/helpers:93:18)\n    at Object.<anonymous> (/home/gunter/desenvolvimento/workspace-vscode/table-driven-html-reporter/node_modules/@japa/synthetic-events/build/index.js:15:33)\n    at Module._compile (node:internal/modules/cjs/loader:1109:14)\n    at Object.Module._extensions..js (node:internal/modules/cjs/loader:1138:10)"},{"realValues":[],"tableValues":[64,"fail test when executor raises an exception"],"tags":[],"title":"fail test when executor raises an exception","time":"00:00:00.000","error":true,"errorMessage":"Actual: [object Object]\nExpected: [object Object]\n\nAssertionError: expected { id: 1 } to deeply equal { id: 2 }\n    at Assert.deepEqual (/home/gunter/desenvolvimento/workspace-vscode/table-driven-html-reporter/node_modules/@japa/assert/build/src/Assert/index.js:256:30)\n    at Object.<anonymous> (/home/gunter/desenvolvimento/workspace-vscode/table-driven-html-reporter/node_modules/@japa/synthetic-events/build/src/Events/tests.js:14:27)\n    at Module._compile (node:internal/modules/cjs/loader:1109:14)\n    at Object.Module._extensions..js (node:internal/modules/cjs/loader:1138:10)\n    at Module.load (node:internal/modules/cjs/loader:989:32)\n    at Function.Module._load (node:internal/modules/cjs/loader:829:14)\n    at Module.require (node:internal/modules/cjs/loader:1013:19)\n    at require (node:internal/modules/cjs/helpers:93:18)\n    at Object.<anonymous> (/home/gunter/desenvolvimento/workspace-vscode/table-driven-html-reporter/node_modules/@japa/synthetic-events/build/index.js:15:33)\n    at Module._compile (node:internal/modules/cjs/loader:1109:14)"},{"realValues":[],"tableValues":[65,"regression test passing"],"tags":[],"title":"regression test passing","time":"00:00:00.000"}]},{"title":"user group","time":"00:00:00.000","passed":false,"suite":"integration","headers":["#","Scenario"],"values":[{"realValues":[],"tableValues":[66,"create an instance of test"],"tags":[],"title":"create an instance of test","time":"00:00:00.000"},{"realValues":[],"tableValues":[67,"define timeout for the test"],"tags":[],"title":"define timeout for the test","time":"00:00:00.000"},{"realValues":[],"tableValues":[68,"disable timeout for the test"],"tags":[],"title":"disable timeout for the test","time":"00:00:00.000"},{"realValues":[],"tableValues":[69,"ping 3rd party service"],"tags":[],"title":"ping 3rd party service","time":"00:00:00.000","error":true,"errorMessage":"Actual: undefined\nExpected: undefined\n\nError: Unable to reach server\n    at Object.<anonymous> (/home/gunter/desenvolvimento/workspace-vscode/table-driven-html-reporter/node_modules/@japa/synthetic-events/build/src/Events/tests.js:135:42)\n    at Module._compile (node:internal/modules/cjs/loader:1109:14)\n    at Object.Module._extensions..js (node:internal/modules/cjs/loader:1138:10)\n    at Module.load (node:internal/modules/cjs/loader:989:32)\n    at Function.Module._load (node:internal/modules/cjs/loader:829:14)\n    at Module.require (node:internal/modules/cjs/loader:1013:19)\n    at require (node:internal/modules/cjs/helpers:93:18)\n    at Object.<anonymous> (/home/gunter/desenvolvimento/workspace-vscode/table-driven-html-reporter/node_modules/@japa/synthetic-events/build/index.js:15:33)\n    at Module._compile (node:internal/modules/cjs/loader:1109:14)\n    at Object.Module._extensions..js (node:internal/modules/cjs/loader:1138:10)"},{"realValues":[],"tableValues":[70,"mark test to be skipped"],"tags":[],"title":"mark test to be skipped","time":"00:00:00.000"},{"realValues":[],"tableValues":[71,"mark test as todo"],"tags":[],"title":"mark test as todo","time":"00:00:00.000"},{"realValues":[],"tableValues":[72,"define tags"],"tags":["@slow","@regression"],"title":"define tags","time":"00:00:00.000"},{"realValues":[],"tableValues":[73,"define dataset for the test \"virk\""],"tags":[],"title":"define dataset for the test \"virk\"","time":"00:00:00.000"},{"realValues":[],"tableValues":[74,"define dataset for the test \"nikk\""],"tags":[],"title":"define dataset for the test \"nikk\"","time":"00:00:00.000"},{"realValues":[],"tableValues":[75,"define dataset for the test \"romain\""],"tags":[],"title":"define dataset for the test \"romain\"","time":"00:00:00.000"},{"realValues":[],"tableValues":[76,"multiple calls to exec should result in a noop"],"tags":[],"title":"multiple calls to exec should result in a noop","time":"00:00:00.000","error":true,"errorMessage":"Actual: undefined\nExpected: undefined\n\nError: Setup phase failed\n    at Object.<anonymous> (/home/gunter/desenvolvimento/workspace-vscode/table-driven-html-reporter/node_modules/@japa/synthetic-events/build/src/Events/tests.js:373:24)\n    at Module._compile (node:internal/modules/cjs/loader:1109:14)\n    at Object.Module._extensions..js (node:internal/modules/cjs/loader:1138:10)\n    at Module.load (node:internal/modules/cjs/loader:989:32)\n    at Function.Module._load (node:internal/modules/cjs/loader:829:14)\n    at Module.require (node:internal/modules/cjs/loader:1013:19)\n    at require (node:internal/modules/cjs/helpers:93:18)\n    at Object.<anonymous> (/home/gunter/desenvolvimento/workspace-vscode/table-driven-html-reporter/node_modules/@japa/synthetic-events/build/index.js:15:33)\n    at Module._compile (node:internal/modules/cjs/loader:1109:14)\n    at Object.Module._extensions..js (node:internal/modules/cjs/loader:1138:10)"},{"realValues":[],"tableValues":[77,"fail test when executor raises an exception"],"tags":[],"title":"fail test when executor raises an exception","time":"00:00:00.000","error":true,"errorMessage":"Actual: [object Object]\nExpected: [object Object]\n\nAssertionError: expected { id: 1 } to deeply equal { id: 2 }\n    at Assert.deepEqual (/home/gunter/desenvolvimento/workspace-vscode/table-driven-html-reporter/node_modules/@japa/assert/build/src/Assert/index.js:256:30)\n    at Object.<anonymous> (/home/gunter/desenvolvimento/workspace-vscode/table-driven-html-reporter/node_modules/@japa/synthetic-events/build/src/Events/tests.js:14:27)\n    at Module._compile (node:internal/modules/cjs/loader:1109:14)\n    at Object.Module._extensions..js (node:internal/modules/cjs/loader:1138:10)\n    at Module.load (node:internal/modules/cjs/loader:989:32)\n    at Function.Module._load (node:internal/modules/cjs/loader:829:14)\n    at Module.require (node:internal/modules/cjs/loader:1013:19)\n    at require (node:internal/modules/cjs/helpers:93:18)\n    at Object.<anonymous> (/home/gunter/desenvolvimento/workspace-vscode/table-driven-html-reporter/node_modules/@japa/synthetic-events/build/index.js:15:33)\n    at Module._compile (node:internal/modules/cjs/loader:1109:14)"},{"realValues":[],"tableValues":[78,"regression test passing"],"tags":[],"title":"regression test passing","time":"00:00:00.000"}]},{"title":"manager group","time":"00:00:00.000","passed":false,"suite":"integration","headers":["#","Scenario"],"values":[{"realValues":[],"tableValues":[79,"create an instance of test"],"tags":[],"title":"create an instance of test","time":"00:00:00.000"},{"realValues":[],"tableValues":[80,"define timeout for the test"],"tags":[],"title":"define timeout for the test","time":"00:00:00.000"},{"realValues":[],"tableValues":[81,"disable timeout for the test"],"tags":[],"title":"disable timeout for the test","time":"00:00:00.000"},{"realValues":[],"tableValues":[82,"ping 3rd party service"],"tags":[],"title":"ping 3rd party service","time":"00:00:00.000","error":true,"errorMessage":"Actual: undefined\nExpected: undefined\n\nError: Unable to reach server\n    at Object.<anonymous> (/home/gunter/desenvolvimento/workspace-vscode/table-driven-html-reporter/node_modules/@japa/synthetic-events/build/src/Events/tests.js:135:42)\n    at Module._compile (node:internal/modules/cjs/loader:1109:14)\n    at Object.Module._extensions..js (node:internal/modules/cjs/loader:1138:10)\n    at Module.load (node:internal/modules/cjs/loader:989:32)\n    at Function.Module._load (node:internal/modules/cjs/loader:829:14)\n    at Module.require (node:internal/modules/cjs/loader:1013:19)\n    at require (node:internal/modules/cjs/helpers:93:18)\n    at Object.<anonymous> (/home/gunter/desenvolvimento/workspace-vscode/table-driven-html-reporter/node_modules/@japa/synthetic-events/build/index.js:15:33)\n    at Module._compile (node:internal/modules/cjs/loader:1109:14)\n    at Object.Module._extensions..js (node:internal/modules/cjs/loader:1138:10)"},{"realValues":[],"tableValues":[83,"mark test to be skipped"],"tags":[],"title":"mark test to be skipped","time":"00:00:00.000"},{"realValues":[],"tableValues":[84,"mark test as todo"],"tags":[],"title":"mark test as todo","time":"00:00:00.000"},{"realValues":[],"tableValues":[85,"define tags"],"tags":["@slow","@regression"],"title":"define tags","time":"00:00:00.000"},{"realValues":[],"tableValues":[86,"define dataset for the test \"virk\""],"tags":[],"title":"define dataset for the test \"virk\"","time":"00:00:00.000"},{"realValues":[],"tableValues":[87,"define dataset for the test \"nikk\""],"tags":[],"title":"define dataset for the test \"nikk\"","time":"00:00:00.000"},{"realValues":[],"tableValues":[88,"define dataset for the test \"romain\""],"tags":[],"title":"define dataset for the test \"romain\"","time":"00:00:00.000"},{"realValues":[],"tableValues":[89,"multiple calls to exec should result in a noop"],"tags":[],"title":"multiple calls to exec should result in a noop","time":"00:00:00.000","error":true,"errorMessage":"Actual: undefined\nExpected: undefined\n\nError: Setup phase failed\n    at Object.<anonymous> (/home/gunter/desenvolvimento/workspace-vscode/table-driven-html-reporter/node_modules/@japa/synthetic-events/build/src/Events/tests.js:373:24)\n    at Module._compile (node:internal/modules/cjs/loader:1109:14)\n    at Object.Module._extensions..js (node:internal/modules/cjs/loader:1138:10)\n    at Module.load (node:internal/modules/cjs/loader:989:32)\n    at Function.Module._load (node:internal/modules/cjs/loader:829:14)\n    at Module.require (node:internal/modules/cjs/loader:1013:19)\n    at require (node:internal/modules/cjs/helpers:93:18)\n    at Object.<anonymous> (/home/gunter/desenvolvimento/workspace-vscode/table-driven-html-reporter/node_modules/@japa/synthetic-events/build/index.js:15:33)\n    at Module._compile (node:internal/modules/cjs/loader:1109:14)\n    at Object.Module._extensions..js (node:internal/modules/cjs/loader:1138:10)"},{"realValues":[],"tableValues":[90,"fail test when executor raises an exception"],"tags":[],"title":"fail test when executor raises an exception","time":"00:00:00.000","error":true,"errorMessage":"Actual: [object Object]\nExpected: [object Object]\n\nAssertionError: expected { id: 1 } to deeply equal { id: 2 }\n    at Assert.deepEqual (/home/gunter/desenvolvimento/workspace-vscode/table-driven-html-reporter/node_modules/@japa/assert/build/src/Assert/index.js:256:30)\n    at Object.<anonymous> (/home/gunter/desenvolvimento/workspace-vscode/table-driven-html-reporter/node_modules/@japa/synthetic-events/build/src/Events/tests.js:14:27)\n    at Module._compile (node:internal/modules/cjs/loader:1109:14)\n    at Object.Module._extensions..js (node:internal/modules/cjs/loader:1138:10)\n    at Module.load (node:internal/modules/cjs/loader:989:32)\n    at Function.Module._load (node:internal/modules/cjs/loader:829:14)\n    at Module.require (node:internal/modules/cjs/loader:1013:19)\n    at require (node:internal/modules/cjs/helpers:93:18)\n    at Object.<anonymous> (/home/gunter/desenvolvimento/workspace-vscode/table-driven-html-reporter/node_modules/@japa/synthetic-events/build/index.js:15:33)\n    at Module._compile (node:internal/modules/cjs/loader:1109:14)"},{"realValues":[],"tableValues":[91,"regression test passing"],"tags":[],"title":"regression test passing","time":"00:00:00.000"}]},{"title":"failing group","time":"00:00:00.001","passed":false,"suite":"integration","headers":["#","Scenario"],"values":[{"realValues":[],"tableValues":[92,"create an instance of test"],"tags":[],"title":"create an instance of test","time":"00:00:00.000"},{"realValues":[],"tableValues":[93,"define timeout for the test"],"tags":[],"title":"define timeout for the test","time":"00:00:00.000"},{"realValues":[],"tableValues":[94,"disable timeout for the test"],"tags":[],"title":"disable timeout for the test","time":"00:00:00.000"},{"realValues":[],"tableValues":[95,"ping 3rd party service"],"tags":[],"title":"ping 3rd party service","time":"00:00:00.000","error":true,"errorMessage":"Actual: undefined\nExpected: undefined\n\nError: Unable to reach server\n    at Object.<anonymous> (/home/gunter/desenvolvimento/workspace-vscode/table-driven-html-reporter/node_modules/@japa/synthetic-events/build/src/Events/tests.js:135:42)\n    at Module._compile (node:internal/modules/cjs/loader:1109:14)\n    at Object.Module._extensions..js (node:internal/modules/cjs/loader:1138:10)\n    at Module.load (node:internal/modules/cjs/loader:989:32)\n    at Function.Module._load (node:internal/modules/cjs/loader:829:14)\n    at Module.require (node:internal/modules/cjs/loader:1013:19)\n    at require (node:internal/modules/cjs/helpers:93:18)\n    at Object.<anonymous> (/home/gunter/desenvolvimento/workspace-vscode/table-driven-html-reporter/node_modules/@japa/synthetic-events/build/index.js:15:33)\n    at Module._compile (node:internal/modules/cjs/loader:1109:14)\n    at Object.Module._extensions..js (node:internal/modules/cjs/loader:1138:10)"},{"realValues":[],"tableValues":[96,"mark test to be skipped"],"tags":[],"title":"mark test to be skipped","time":"00:00:00.000"},{"realValues":[],"tableValues":[97,"mark test as todo"],"tags":[],"title":"mark test as todo","time":"00:00:00.000"},{"realValues":[],"tableValues":[98,"define tags"],"tags":["@slow","@regression"],"title":"define tags","time":"00:00:00.001"},{"realValues":[],"tableValues":[99,"define dataset for the test \"virk\""],"tags":[],"title":"define dataset for the test \"virk\"","time":"00:00:00.000"},{"realValues":[],"tableValues":[100,"define dataset for the test \"nikk\""],"tags":[],"title":"define dataset for the test \"nikk\"","time":"00:00:00.000"},{"realValues":[],"tableValues":[101,"define dataset for the test \"romain\""],"tags":[],"title":"define dataset for the test \"romain\"","time":"00:00:00.000"},{"realValues":[],"tableValues":[102,"multiple calls to exec should result in a noop"],"tags":[],"title":"multiple calls to exec should result in a noop","time":"00:00:00.000","error":true,"errorMessage":"Actual: undefined\nExpected: undefined\n\nError: Setup phase failed\n    at Object.<anonymous> (/home/gunter/desenvolvimento/workspace-vscode/table-driven-html-reporter/node_modules/@japa/synthetic-events/build/src/Events/tests.js:373:24)\n    at Module._compile (node:internal/modules/cjs/loader:1109:14)\n    at Object.Module._extensions..js (node:internal/modules/cjs/loader:1138:10)\n    at Module.load (node:internal/modules/cjs/loader:989:32)\n    at Function.Module._load (node:internal/modules/cjs/loader:829:14)\n    at Module.require (node:internal/modules/cjs/loader:1013:19)\n    at require (node:internal/modules/cjs/helpers:93:18)\n    at Object.<anonymous> (/home/gunter/desenvolvimento/workspace-vscode/table-driven-html-reporter/node_modules/@japa/synthetic-events/build/index.js:15:33)\n    at Module._compile (node:internal/modules/cjs/loader:1109:14)\n    at Object.Module._extensions..js (node:internal/modules/cjs/loader:1138:10)"},{"realValues":[],"tableValues":[103,"fail test when executor raises an exception"],"tags":[],"title":"fail test when executor raises an exception","time":"00:00:00.000","error":true,"errorMessage":"Actual: [object Object]\nExpected: [object Object]\n\nAssertionError: expected { id: 1 } to deeply equal { id: 2 }\n    at Assert.deepEqual (/home/gunter/desenvolvimento/workspace-vscode/table-driven-html-reporter/node_modules/@japa/assert/build/src/Assert/index.js:256:30)\n    at Object.<anonymous> (/home/gunter/desenvolvimento/workspace-vscode/table-driven-html-reporter/node_modules/@japa/synthetic-events/build/src/Events/tests.js:14:27)\n    at Module._compile (node:internal/modules/cjs/loader:1109:14)\n    at Object.Module._extensions..js (node:internal/modules/cjs/loader:1138:10)\n    at Module.load (node:internal/modules/cjs/loader:989:32)\n    at Function.Module._load (node:internal/modules/cjs/loader:829:14)\n    at Module.require (node:internal/modules/cjs/loader:1013:19)\n    at require (node:internal/modules/cjs/helpers:93:18)\n    at Object.<anonymous> (/home/gunter/desenvolvimento/workspace-vscode/table-driven-html-reporter/node_modules/@japa/synthetic-events/build/index.js:15:33)\n    at Module._compile (node:internal/modules/cjs/loader:1109:14)"},{"realValues":[],"tableValues":[104,"regression test passing"],"tags":[],"title":"regression test passing","time":"00:00:00.000"}]},{"title":"main group","time":"00:00:00.000","passed":false,"suite":"e2e","headers":["#","Scenario"],"values":[{"realValues":[],"tableValues":[105,"create an instance of test"],"tags":[],"title":"create an instance of test","time":"00:00:00.000"},{"realValues":[],"tableValues":[106,"define timeout for the test"],"tags":[],"title":"define timeout for the test","time":"00:00:00.000"},{"realValues":[],"tableValues":[107,"disable timeout for the test"],"tags":[],"title":"disable timeout for the test","time":"00:00:00.000"},{"realValues":[],"tableValues":[108,"ping 3rd party service"],"tags":[],"title":"ping 3rd party service","time":"00:00:00.000","error":true,"errorMessage":"Actual: undefined\nExpected: undefined\n\nError: Unable to reach server\n    at Object.<anonymous> (/home/gunter/desenvolvimento/workspace-vscode/table-driven-html-reporter/node_modules/@japa/synthetic-events/build/src/Events/tests.js:135:42)\n    at Module._compile (node:internal/modules/cjs/loader:1109:14)\n    at Object.Module._extensions..js (node:internal/modules/cjs/loader:1138:10)\n    at Module.load (node:internal/modules/cjs/loader:989:32)\n    at Function.Module._load (node:internal/modules/cjs/loader:829:14)\n    at Module.require (node:internal/modules/cjs/loader:1013:19)\n    at require (node:internal/modules/cjs/helpers:93:18)\n    at Object.<anonymous> (/home/gunter/desenvolvimento/workspace-vscode/table-driven-html-reporter/node_modules/@japa/synthetic-events/build/index.js:15:33)\n    at Module._compile (node:internal/modules/cjs/loader:1109:14)\n    at Object.Module._extensions..js (node:internal/modules/cjs/loader:1138:10)"},{"realValues":[],"tableValues":[109,"mark test to be skipped"],"tags":[],"title":"mark test to be skipped","time":"00:00:00.000"},{"realValues":[],"tableValues":[110,"mark test as todo"],"tags":[],"title":"mark test as todo","time":"00:00:00.000"},{"realValues":[],"tableValues":[111,"define tags"],"tags":["@slow","@regression"],"title":"define tags","time":"00:00:00.000"},{"realValues":[],"tableValues":[112,"define dataset for the test \"virk\""],"tags":[],"title":"define dataset for the test \"virk\"","time":"00:00:00.000"},{"realValues":[],"tableValues":[113,"define dataset for the test \"nikk\""],"tags":[],"title":"define dataset for the test \"nikk\"","time":"00:00:00.000"},{"realValues":[],"tableValues":[114,"define dataset for the test \"romain\""],"tags":[],"title":"define dataset for the test \"romain\"","time":"00:00:00.000"},{"realValues":[],"tableValues":[115,"multiple calls to exec should result in a noop"],"tags":[],"title":"multiple calls to exec should result in a noop","time":"00:00:00.000","error":true,"errorMessage":"Actual: undefined\nExpected: undefined\n\nError: Setup phase failed\n    at Object.<anonymous> (/home/gunter/desenvolvimento/workspace-vscode/table-driven-html-reporter/node_modules/@japa/synthetic-events/build/src/Events/tests.js:373:24)\n    at Module._compile (node:internal/modules/cjs/loader:1109:14)\n    at Object.Module._extensions..js (node:internal/modules/cjs/loader:1138:10)\n    at Module.load (node:internal/modules/cjs/loader:989:32)\n    at Function.Module._load (node:internal/modules/cjs/loader:829:14)\n    at Module.require (node:internal/modules/cjs/loader:1013:19)\n    at require (node:internal/modules/cjs/helpers:93:18)\n    at Object.<anonymous> (/home/gunter/desenvolvimento/workspace-vscode/table-driven-html-reporter/node_modules/@japa/synthetic-events/build/index.js:15:33)\n    at Module._compile (node:internal/modules/cjs/loader:1109:14)\n    at Object.Module._extensions..js (node:internal/modules/cjs/loader:1138:10)"},{"realValues":[],"tableValues":[116,"fail test when executor raises an exception"],"tags":[],"title":"fail test when executor raises an exception","time":"00:00:00.000","error":true,"errorMessage":"Actual: [object Object]\nExpected: [object Object]\n\nAssertionError: expected { id: 1 } to deeply equal { id: 2 }\n    at Assert.deepEqual (/home/gunter/desenvolvimento/workspace-vscode/table-driven-html-reporter/node_modules/@japa/assert/build/src/Assert/index.js:256:30)\n    at Object.<anonymous> (/home/gunter/desenvolvimento/workspace-vscode/table-driven-html-reporter/node_modules/@japa/synthetic-events/build/src/Events/tests.js:14:27)\n    at Module._compile (node:internal/modules/cjs/loader:1109:14)\n    at Object.Module._extensions..js (node:internal/modules/cjs/loader:1138:10)\n    at Module.load (node:internal/modules/cjs/loader:989:32)\n    at Function.Module._load (node:internal/modules/cjs/loader:829:14)\n    at Module.require (node:internal/modules/cjs/loader:1013:19)\n    at require (node:internal/modules/cjs/helpers:93:18)\n    at Object.<anonymous> (/home/gunter/desenvolvimento/workspace-vscode/table-driven-html-reporter/node_modules/@japa/synthetic-events/build/index.js:15:33)\n    at Module._compile (node:internal/modules/cjs/loader:1109:14)"},{"realValues":[],"tableValues":[117,"regression test passing"],"tags":[],"title":"regression test passing","time":"00:00:00.000"}]},{"title":"user group","time":"00:00:00.000","passed":false,"suite":"e2e","headers":["#","Scenario"],"values":[{"realValues":[],"tableValues":[118,"create an instance of test"],"tags":[],"title":"create an instance of test","time":"00:00:00.000"},{"realValues":[],"tableValues":[119,"define timeout for the test"],"tags":[],"title":"define timeout for the test","time":"00:00:00.000"},{"realValues":[],"tableValues":[120,"disable timeout for the test"],"tags":[],"title":"disable timeout for the test","time":"00:00:00.000"},{"realValues":[],"tableValues":[121,"ping 3rd party service"],"tags":[],"title":"ping 3rd party service","time":"00:00:00.000","error":true,"errorMessage":"Actual: undefined\nExpected: undefined\n\nError: Unable to reach server\n    at Object.<anonymous> (/home/gunter/desenvolvimento/workspace-vscode/table-driven-html-reporter/node_modules/@japa/synthetic-events/build/src/Events/tests.js:135:42)\n    at Module._compile (node:internal/modules/cjs/loader:1109:14)\n    at Object.Module._extensions..js (node:internal/modules/cjs/loader:1138:10)\n    at Module.load (node:internal/modules/cjs/loader:989:32)\n    at Function.Module._load (node:internal/modules/cjs/loader:829:14)\n    at Module.require (node:internal/modules/cjs/loader:1013:19)\n    at require (node:internal/modules/cjs/helpers:93:18)\n    at Object.<anonymous> (/home/gunter/desenvolvimento/workspace-vscode/table-driven-html-reporter/node_modules/@japa/synthetic-events/build/index.js:15:33)\n    at Module._compile (node:internal/modules/cjs/loader:1109:14)\n    at Object.Module._extensions..js (node:internal/modules/cjs/loader:1138:10)"},{"realValues":[],"tableValues":[122,"mark test to be skipped"],"tags":[],"title":"mark test to be skipped","time":"00:00:00.000"},{"realValues":[],"tableValues":[123,"mark test as todo"],"tags":[],"title":"mark test as todo","time":"00:00:00.000"},{"realValues":[],"tableValues":[124,"define tags"],"tags":["@slow","@regression"],"title":"define tags","time":"00:00:00.000"},{"realValues":[],"tableValues":[125,"define dataset for the test \"virk\""],"tags":[],"title":"define dataset for the test \"virk\"","time":"00:00:00.000"},{"realValues":[],"tableValues":[126,"define dataset for the test \"nikk\""],"tags":[],"title":"define dataset for the test \"nikk\"","time":"00:00:00.000"},{"realValues":[],"tableValues":[127,"define dataset for the test \"romain\""],"tags":[],"title":"define dataset for the test \"romain\"","time":"00:00:00.000"},{"realValues":[],"tableValues":[128,"multiple calls to exec should result in a noop"],"tags":[],"title":"multiple calls to exec should result in a noop","time":"00:00:00.000","error":true,"errorMessage":"Actual: undefined\nExpected: undefined\n\nError: Setup phase failed\n    at Object.<anonymous> (/home/gunter/desenvolvimento/workspace-vscode/table-driven-html-reporter/node_modules/@japa/synthetic-events/build/src/Events/tests.js:373:24)\n    at Module._compile (node:internal/modules/cjs/loader:1109:14)\n    at Object.Module._extensions..js (node:internal/modules/cjs/loader:1138:10)\n    at Module.load (node:internal/modules/cjs/loader:989:32)\n    at Function.Module._load (node:internal/modules/cjs/loader:829:14)\n    at Module.require (node:internal/modules/cjs/loader:1013:19)\n    at require (node:internal/modules/cjs/helpers:93:18)\n    at Object.<anonymous> (/home/gunter/desenvolvimento/workspace-vscode/table-driven-html-reporter/node_modules/@japa/synthetic-events/build/index.js:15:33)\n    at Module._compile (node:internal/modules/cjs/loader:1109:14)\n    at Object.Module._extensions..js (node:internal/modules/cjs/loader:1138:10)"},{"realValues":[],"tableValues":[129,"fail test when executor raises an exception"],"tags":[],"title":"fail test when executor raises an exception","time":"00:00:00.000","error":true,"errorMessage":"Actual: [object Object]\nExpected: [object Object]\n\nAssertionError: expected { id: 1 } to deeply equal { id: 2 }\n    at Assert.deepEqual (/home/gunter/desenvolvimento/workspace-vscode/table-driven-html-reporter/node_modules/@japa/assert/build/src/Assert/index.js:256:30)\n    at Object.<anonymous> (/home/gunter/desenvolvimento/workspace-vscode/table-driven-html-reporter/node_modules/@japa/synthetic-events/build/src/Events/tests.js:14:27)\n    at Module._compile (node:internal/modules/cjs/loader:1109:14)\n    at Object.Module._extensions..js (node:internal/modules/cjs/loader:1138:10)\n    at Module.load (node:internal/modules/cjs/loader:989:32)\n    at Function.Module._load (node:internal/modules/cjs/loader:829:14)\n    at Module.require (node:internal/modules/cjs/loader:1013:19)\n    at require (node:internal/modules/cjs/helpers:93:18)\n    at Object.<anonymous> (/home/gunter/desenvolvimento/workspace-vscode/table-driven-html-reporter/node_modules/@japa/synthetic-events/build/index.js:15:33)\n    at Module._compile (node:internal/modules/cjs/loader:1109:14)"},{"realValues":[],"tableValues":[130,"regression test passing"],"tags":[],"title":"regression test passing","time":"00:00:00.000"}]},{"title":"manager group","time":"00:00:00.000","passed":false,"suite":"e2e","headers":["#","Scenario"],"values":[{"realValues":[],"tableValues":[131,"create an instance of test"],"tags":[],"title":"create an instance of test","time":"00:00:00.000"},{"realValues":[],"tableValues":[132,"define timeout for the test"],"tags":[],"title":"define timeout for the test","time":"00:00:00.000"},{"realValues":[],"tableValues":[133,"disable timeout for the test"],"tags":[],"title":"disable timeout for the test","time":"00:00:00.000"},{"realValues":[],"tableValues":[134,"ping 3rd party service"],"tags":[],"title":"ping 3rd party service","time":"00:00:00.000","error":true,"errorMessage":"Actual: undefined\nExpected: undefined\n\nError: Unable to reach server\n    at Object.<anonymous> (/home/gunter/desenvolvimento/workspace-vscode/table-driven-html-reporter/node_modules/@japa/synthetic-events/build/src/Events/tests.js:135:42)\n    at Module._compile (node:internal/modules/cjs/loader:1109:14)\n    at Object.Module._extensions..js (node:internal/modules/cjs/loader:1138:10)\n    at Module.load (node:internal/modules/cjs/loader:989:32)\n    at Function.Module._load (node:internal/modules/cjs/loader:829:14)\n    at Module.require (node:internal/modules/cjs/loader:1013:19)\n    at require (node:internal/modules/cjs/helpers:93:18)\n    at Object.<anonymous> (/home/gunter/desenvolvimento/workspace-vscode/table-driven-html-reporter/node_modules/@japa/synthetic-events/build/index.js:15:33)\n    at Module._compile (node:internal/modules/cjs/loader:1109:14)\n    at Object.Module._extensions..js (node:internal/modules/cjs/loader:1138:10)"},{"realValues":[],"tableValues":[135,"mark test to be skipped"],"tags":[],"title":"mark test to be skipped","time":"00:00:00.000"},{"realValues":[],"tableValues":[136,"mark test as todo"],"tags":[],"title":"mark test as todo","time":"00:00:00.000"},{"realValues":[],"tableValues":[137,"define tags"],"tags":["@slow","@regression"],"title":"define tags","time":"00:00:00.000"},{"realValues":[],"tableValues":[138,"define dataset for the test \"virk\""],"tags":[],"title":"define dataset for the test \"virk\"","time":"00:00:00.000"},{"realValues":[],"tableValues":[139,"define dataset for the test \"nikk\""],"tags":[],"title":"define dataset for the test \"nikk\"","time":"00:00:00.000"},{"realValues":[],"tableValues":[140,"define dataset for the test \"romain\""],"tags":[],"title":"define dataset for the test \"romain\"","time":"00:00:00.000"},{"realValues":[],"tableValues":[141,"multiple calls to exec should result in a noop"],"tags":[],"title":"multiple calls to exec should result in a noop","time":"00:00:00.000","error":true,"errorMessage":"Actual: undefined\nExpected: undefined\n\nError: Setup phase failed\n    at Object.<anonymous> (/home/gunter/desenvolvimento/workspace-vscode/table-driven-html-reporter/node_modules/@japa/synthetic-events/build/src/Events/tests.js:373:24)\n    at Module._compile (node:internal/modules/cjs/loader:1109:14)\n    at Object.Module._extensions..js (node:internal/modules/cjs/loader:1138:10)\n    at Module.load (node:internal/modules/cjs/loader:989:32)\n    at Function.Module._load (node:internal/modules/cjs/loader:829:14)\n    at Module.require (node:internal/modules/cjs/loader:1013:19)\n    at require (node:internal/modules/cjs/helpers:93:18)\n    at Object.<anonymous> (/home/gunter/desenvolvimento/workspace-vscode/table-driven-html-reporter/node_modules/@japa/synthetic-events/build/index.js:15:33)\n    at Module._compile (node:internal/modules/cjs/loader:1109:14)\n    at Object.Module._extensions..js (node:internal/modules/cjs/loader:1138:10)"},{"realValues":[],"tableValues":[142,"fail test when executor raises an exception"],"tags":[],"title":"fail test when executor raises an exception","time":"00:00:00.000","error":true,"errorMessage":"Actual: [object Object]\nExpected: [object Object]\n\nAssertionError: expected { id: 1 } to deeply equal { id: 2 }\n    at Assert.deepEqual (/home/gunter/desenvolvimento/workspace-vscode/table-driven-html-reporter/node_modules/@japa/assert/build/src/Assert/index.js:256:30)\n    at Object.<anonymous> (/home/gunter/desenvolvimento/workspace-vscode/table-driven-html-reporter/node_modules/@japa/synthetic-events/build/src/Events/tests.js:14:27)\n    at Module._compile (node:internal/modules/cjs/loader:1109:14)\n    at Object.Module._extensions..js (node:internal/modules/cjs/loader:1138:10)\n    at Module.load (node:internal/modules/cjs/loader:989:32)\n    at Function.Module._load (node:internal/modules/cjs/loader:829:14)\n    at Module.require (node:internal/modules/cjs/loader:1013:19)\n    at require (node:internal/modules/cjs/helpers:93:18)\n    at Object.<anonymous> (/home/gunter/desenvolvimento/workspace-vscode/table-driven-html-reporter/node_modules/@japa/synthetic-events/build/index.js:15:33)\n    at Module._compile (node:internal/modules/cjs/loader:1109:14)"},{"realValues":[],"tableValues":[143,"regression test passing"],"tags":[],"title":"regression test passing","time":"00:00:00.000"}]},{"title":"failing group","time":"00:00:00.000","passed":false,"suite":"e2e","headers":["#","Scenario"],"values":[{"realValues":[],"tableValues":[144,"create an instance of test"],"tags":[],"title":"create an instance of test","time":"00:00:00.000"},{"realValues":[],"tableValues":[145,"define timeout for the test"],"tags":[],"title":"define timeout for the test","time":"00:00:00.000"},{"realValues":[],"tableValues":[146,"disable timeout for the test"],"tags":[],"title":"disable timeout for the test","time":"00:00:00.000"},{"realValues":[],"tableValues":[147,"ping 3rd party service"],"tags":[],"title":"ping 3rd party service","time":"00:00:00.000","error":true,"errorMessage":"Actual: undefined\nExpected: undefined\n\nError: Unable to reach server\n    at Object.<anonymous> (/home/gunter/desenvolvimento/workspace-vscode/table-driven-html-reporter/node_modules/@japa/synthetic-events/build/src/Events/tests.js:135:42)\n    at Module._compile (node:internal/modules/cjs/loader:1109:14)\n    at Object.Module._extensions..js (node:internal/modules/cjs/loader:1138:10)\n    at Module.load (node:internal/modules/cjs/loader:989:32)\n    at Function.Module._load (node:internal/modules/cjs/loader:829:14)\n    at Module.require (node:internal/modules/cjs/loader:1013:19)\n    at require (node:internal/modules/cjs/helpers:93:18)\n    at Object.<anonymous> (/home/gunter/desenvolvimento/workspace-vscode/table-driven-html-reporter/node_modules/@japa/synthetic-events/build/index.js:15:33)\n    at Module._compile (node:internal/modules/cjs/loader:1109:14)\n    at Object.Module._extensions..js (node:internal/modules/cjs/loader:1138:10)"},{"realValues":[],"tableValues":[148,"mark test to be skipped"],"tags":[],"title":"mark test to be skipped","time":"00:00:00.000"},{"realValues":[],"tableValues":[149,"mark test as todo"],"tags":[],"title":"mark test as todo","time":"00:00:00.000"},{"realValues":[],"tableValues":[150,"define tags"],"tags":["@slow","@regression"],"title":"define tags","time":"00:00:00.000"},{"realValues":[],"tableValues":[151,"define dataset for the test \"virk\""],"tags":[],"title":"define dataset for the test \"virk\"","time":"00:00:00.000"},{"realValues":[],"tableValues":[152,"define dataset for the test \"nikk\""],"tags":[],"title":"define dataset for the test \"nikk\"","time":"00:00:00.000"},{"realValues":[],"tableValues":[153,"define dataset for the test \"romain\""],"tags":[],"title":"define dataset for the test \"romain\"","time":"00:00:00.000"},{"realValues":[],"tableValues":[154,"multiple calls to exec should result in a noop"],"tags":[],"title":"multiple calls to exec should result in a noop","time":"00:00:00.000","error":true,"errorMessage":"Actual: undefined\nExpected: undefined\n\nError: Setup phase failed\n    at Object.<anonymous> (/home/gunter/desenvolvimento/workspace-vscode/table-driven-html-reporter/node_modules/@japa/synthetic-events/build/src/Events/tests.js:373:24)\n    at Module._compile (node:internal/modules/cjs/loader:1109:14)\n    at Object.Module._extensions..js (node:internal/modules/cjs/loader:1138:10)\n    at Module.load (node:internal/modules/cjs/loader:989:32)\n    at Function.Module._load (node:internal/modules/cjs/loader:829:14)\n    at Module.require (node:internal/modules/cjs/loader:1013:19)\n    at require (node:internal/modules/cjs/helpers:93:18)\n    at Object.<anonymous> (/home/gunter/desenvolvimento/workspace-vscode/table-driven-html-reporter/node_modules/@japa/synthetic-events/build/index.js:15:33)\n    at Module._compile (node:internal/modules/cjs/loader:1109:14)\n    at Object.Module._extensions..js (node:internal/modules/cjs/loader:1138:10)"},{"realValues":[],"tableValues":[155,"fail test when executor raises an exception"],"tags":[],"title":"fail test when executor raises an exception","time":"00:00:00.000","error":true,"errorMessage":"Actual: [object Object]\nExpected: [object Object]\n\nAssertionError: expected { id: 1 } to deeply equal { id: 2 }\n    at Assert.deepEqual (/home/gunter/desenvolvimento/workspace-vscode/table-driven-html-reporter/node_modules/@japa/assert/build/src/Assert/index.js:256:30)\n    at Object.<anonymous> (/home/gunter/desenvolvimento/workspace-vscode/table-driven-html-reporter/node_modules/@japa/synthetic-events/build/src/Events/tests.js:14:27)\n    at Module._compile (node:internal/modules/cjs/loader:1109:14)\n    at Object.Module._extensions..js (node:internal/modules/cjs/loader:1138:10)\n    at Module.load (node:internal/modules/cjs/loader:989:32)\n    at Function.Module._load (node:internal/modules/cjs/loader:829:14)\n    at Module.require (node:internal/modules/cjs/loader:1013:19)\n    at require (node:internal/modules/cjs/helpers:93:18)\n    at Object.<anonymous> (/home/gunter/desenvolvimento/workspace-vscode/table-driven-html-reporter/node_modules/@japa/synthetic-events/build/index.js:15:33)\n    at Module._compile (node:internal/modules/cjs/loader:1109:14)"},{"realValues":[],"tableValues":[156,"regression test passing"],"tags":[],"title":"regression test passing","time":"00:00:00.000"}]}]

    function selectTestOnSummaryTable(testIndex, headers, rows) {
      const testData = rows[testIndex]
      const title = document.querySelector('.test-selected-title')
      const time = document.querySelector('.test-selected-time')
      title.innerHTML = testData.title;
      title.innerHTML += testData.tags.length ? ('<br/>Tags: ' + testData.tags) : ''
      time.innerHTML = testData.time
      if (testData?.realValues?.length) {
        const table = createTable(headers, { [testIndex]: testData }, 'realValues')
        const parent = document.querySelector('.table-real-results')
        const oldTable = parent.getElementsByTagName('table')[0]
        oldTable && parent.removeChild(oldTable)
        parent.appendChild(table)
      } else {
        document.querySelector('.table-real-results').innerHTML = ''
      }

      const trs = document.querySelector('.test-table tbody').getElementsByTagName('tr');
      [...trs].forEach((element, index) => {
        element.classList.remove('selected')
        if (testIndex === index) element.classList.add('selected')
      });

      document.querySelector('.error-message .bash').innerHTML = testData.error ? testData.errorMessage : ''

      const circle = document.querySelector('.circle')
      circle.classList.remove('green', 'red')
      circle.classList.add(testData.error ? 'red' : 'green');

    }

    function createTable(headers, rows, valueType, selected) {
      const table = document.createElement('table');
      table.classList.add('data-table')
      const thead = table.createTHead()
      const trHead = thead.insertRow()
      headers.forEach(h => {
        const th = document.createElement('th')
        th.innerHTML = h
        trHead.appendChild(th)
      })
      const tbody = table.createTBody();
      const tableRows = Object.values(rows).map((value, i) => {
        const row = tbody.insertRow()
        row.classList.add('row-selector')
        if (valueType === 'tableValues') {
          row.classList.add(value.error ? 'failed' : 'passed')
          row.setAttribute('data-test-item', i)
          row.addEventListener('click', () => selectTestOnSummaryTable(i, headers, rows))
        }
        value[valueType].forEach(val => {
          const td = row.insertCell()
          td.innerHTML = val
        });
        return row;
      })
      tableRows[0].classList.add('selected')
      tableRows[0].click()
      return table
    }

    function showSummaryTable(item) {
      const { headers, values, selected } = state[Number(item.dataset.key)]
      const newTable = createTable(headers, values, 'tableValues', selected)
      const oldTable = document.querySelector('.test-table').getElementsByTagName('table')[0]
      const parentDiv = oldTable.parentElement
      parentDiv.removeChild(oldTable)
      parentDiv.appendChild(newTable)
    }

    function selectTestByTitle(item) {
      const { title, time, tags, suite } = state[Number(item.dataset.key)]
      Array.from(items).forEach(item => item.classList.remove('test-selected'))
      item.classList.add('test-selected');
      document.querySelector('.test-data > :nth-child(1)').innerHTML = title
      document.querySelector('.test-data > :nth-child(2)').innerHTML = ' - ' + suite + ' - ' + time
    }

    const items = state.map((group, index) => {
      const list = document.querySelector('.search-list')
      const li = document.createElement('li')
      li.setAttribute('data-key', index)
      li.classList.add('item')
      index === 0 && li.classList.add('test-selected')
      const title = document.createElement('span')
      if ([...new Set(state.map(g => g.suite))].length > 1) {
        title.innerHTML = group.title + '<span class="suite"> - ' + group.suite + '</span>'
      } else {
        title.innerHTML = group.title
      }
      const icon = document.createElement('span')
      icon.classList.add(group.passed ? 'check' : 'failing')
      li.appendChild(title)
      li.appendChild(icon)
      li.addEventListener('click', () => {
        selectTestByTitle(li);
        showSummaryTable(li);
      })
      list.appendChild(li)
      return li
    })
    items[0].click()

    const input = document.querySelector('#search');
    input.addEventListener('keyup', (ev) => {
      console.log("keyup", ev.target.innerText)
      const pattern = new RegExp(ev.target.innerText, 'i');
      Array.from(items).forEach((item) => {
        pattern.test(item.innerText)
          ? item.classList.remove("hidden")
          : item.classList.add("hidden");
      })
    });

    const testChartData = [
      { type: "passed", total: 108, shade: "#E73E48" },
      { type: "failed", total: 36, shade: "#27CAA9" },
      { type: "skipped", total: 12, shade: "lightgray" },
    ]
    let totalTests = testChartData.reduce((sum, { total }) => sum + total, 0);

    const canvas = document.querySelector('canvas');
    const ctx = canvas.getContext('2d');
    let currentAngle = 0;

    testChartData.forEach(testType => {
      let portionAngle = 2 * Math.PI * (testType.total / totalTests);
      ctx.beginPath();
      ctx.arc(60, 60, 60, currentAngle, currentAngle + portionAngle);
      currentAngle += portionAngle;
      ctx.lineTo(60, 60);
      ctx.fillStyle = testType.shade;
      ctx.fill();
    })

    document.querySelector('.error-message .bash').innerHTML = ''
  </script>
</body>

</html>
